\BOOKMARK [1][-]{section.1}{\376\377\000I\000n\000t\000r\000o\000d\000u\000c\000t\000i\000o\000n}{}% 1
\BOOKMARK [2][-]{subsection.1.1}{\376\377\000O\000b\000j\000e\000c\000t\000i\000f\000s\000\040\000d\000u\000\040\000p\000r\000o\000j\000e\000t}{section.1}% 2
\BOOKMARK [2][-]{subsection.1.2}{\376\377\000D\000o\000m\000a\000i\000n\000e\000\040\000c\000h\000o\000i\000s\000i\000\040\000:\000\040\000Q\000u\000e\000s\000t\000i\000o\000n\000s\000\040\000m\000\351\000d\000i\000c\000a\000l\000e\000s}{section.1}% 3
\BOOKMARK [1][-]{section.2}{\376\377\000A\000r\000c\000h\000i\000t\000e\000c\000t\000u\000r\000e\000\040\000d\000u\000\040\000s\000y\000s\000t\000\350\000m\000e}{}% 4
\BOOKMARK [2][-]{subsection.2.1}{\376\377\000S\000c\000h\000\351\000m\000a\000\040\000g\000l\000o\000b\000a\000l}{section.2}% 5
\BOOKMARK [2][-]{subsection.2.2}{\376\377\000D\000e\000s\000c\000r\000i\000p\000t\000i\000o\000n\000\040\000d\000e\000s\000\040\000c\000o\000m\000p\000o\000s\000a\000n\000t\000s}{section.2}% 6
\BOOKMARK [3][-]{subsubsection.2.2.1}{\376\377\000D\000a\000t\000a\000\040\000P\000r\000o\000c\000e\000s\000s\000i\000n\000g\000\040\000P\000i\000p\000e\000l\000i\000n\000e}{subsection.2.2}% 7
\BOOKMARK [3][-]{subsubsection.2.2.2}{\376\377\000B\000a\000c\000k\000e\000n\000d\000\040\000A\000P\000I\000\040\000\050\000F\000a\000s\000t\000A\000P\000I\000\051}{subsection.2.2}% 8
\BOOKMARK [3][-]{subsubsection.2.2.3}{\376\377\000M\000o\000t\000e\000u\000r\000\040\000d\000e\000\040\000R\000e\000c\000h\000e\000r\000c\000h\000e\000\040\000S\000\351\000m\000a\000n\000t\000i\000q\000u\000e}{subsection.2.2}% 9
\BOOKMARK [3][-]{subsubsection.2.2.4}{\376\377\000I\000n\000t\000e\000r\000f\000a\000c\000e\000\040\000S\000t\000r\000e\000a\000m\000l\000i\000t}{subsection.2.2}% 10
\BOOKMARK [1][-]{section.3}{\376\377\000T\000e\000c\000h\000n\000o\000l\000o\000g\000i\000e\000s\000\040\000u\000t\000i\000l\000i\000s\000\351\000e\000s}{}% 11
\BOOKMARK [2][-]{subsection.3.1}{\376\377\000S\000t\000a\000c\000k\000\040\000t\000e\000c\000h\000n\000i\000q\000u\000e}{section.3}% 12
\BOOKMARK [2][-]{subsection.3.2}{\376\377\000M\000o\000d\000\350\000l\000e\000s\000\040\000d\000e\000\040\000M\000a\000c\000h\000i\000n\000e\000\040\000L\000e\000a\000r\000n\000i\000n\000g}{section.3}% 13
\BOOKMARK [3][-]{subsubsection.3.2.1}{\376\377\000S\000e\000n\000t\000e\000n\000c\000e\000\040\000T\000r\000a\000n\000s\000f\000o\000r\000m\000e\000r\000\040\000:\000\040\000a\000l\000l\000-\000M\000i\000n\000i\000L\000M\000-\000L\0006\000-\000v\0002}{subsection.3.2}% 14
\BOOKMARK [3][-]{subsubsection.3.2.2}{\376\377\000C\000r\000o\000s\000s\000E\000n\000c\000o\000d\000e\000r\000\040\000:\000\040\000m\000s\000-\000m\000a\000r\000c\000o\000-\000M\000i\000n\000i\000L\000M\000-\000L\000-\0006\000-\000v\0002}{subsection.3.2}% 15
\BOOKMARK [2][-]{subsection.3.3}{\376\377\000F\000A\000I\000S\000S\000\040\000-\000\040\000F\000a\000c\000e\000b\000o\000o\000k\000\040\000A\000I\000\040\000S\000i\000m\000i\000l\000a\000r\000i\000t\000y\000\040\000S\000e\000a\000r\000c\000h}{section.3}% 16
\BOOKMARK [1][-]{section.4}{\376\377\000I\000m\000p\000l\000\351\000m\000e\000n\000t\000a\000t\000i\000o\000n\000\040\000e\000t\000\040\000D\000\351\000v\000e\000l\000o\000p\000p\000e\000m\000e\000n\000t}{}% 17
\BOOKMARK [2][-]{subsection.4.1}{\376\377\000S\000t\000r\000u\000c\000t\000u\000r\000e\000\040\000d\000u\000\040\000p\000r\000o\000j\000e\000t}{section.4}% 18
\BOOKMARK [2][-]{subsection.4.2}{\376\377\000W\000o\000r\000k\000f\000l\000o\000w\000\040\000d\000e\000\040\000d\000\351\000v\000e\000l\000o\000p\000p\000e\000m\000e\000n\000t}{section.4}% 19
\BOOKMARK [3][-]{subsubsection.4.2.1}{\376\377\000P\000h\000a\000s\000e\000\040\0001\000\040\000:\000\040\000P\000r\000\351\000p\000a\000r\000a\000t\000i\000o\000n\000\040\000d\000e\000s\000\040\000d\000o\000n\000n\000\351\000e\000s}{subsection.4.2}% 20
\BOOKMARK [3][-]{subsubsection.4.2.2}{\376\377\000P\000h\000a\000s\000e\000\040\0002\000\040\000:\000\040\000V\000e\000c\000t\000o\000r\000i\000s\000a\000t\000i\000o\000n\000\040\000e\000t\000\040\000I\000n\000d\000e\000x\000a\000t\000i\000o\000n}{subsection.4.2}% 21
\BOOKMARK [3][-]{subsubsection.4.2.3}{\376\377\000P\000h\000a\000s\000e\000\040\0003\000\040\000:\000\040\000A\000P\000I\000\040\000B\000a\000c\000k\000e\000n\000d}{subsection.4.2}% 22
\BOOKMARK [3][-]{subsubsection.4.2.4}{\376\377\000P\000h\000a\000s\000e\000\040\0004\000\040\000:\000\040\000I\000n\000t\000e\000r\000f\000a\000c\000e\000\040\000U\000t\000i\000l\000i\000s\000a\000t\000e\000u\000r}{subsection.4.2}% 23
\BOOKMARK [3][-]{subsubsection.4.2.5}{\376\377\000P\000h\000a\000s\000e\000\040\0005\000\040\000:\000\040\000\311\000v\000a\000l\000u\000a\000t\000i\000o\000n\000\040\000e\000t\000\040\000O\000p\000t\000i\000m\000i\000s\000a\000t\000i\000o\000n}{subsection.4.2}% 24
\BOOKMARK [1][-]{section.5}{\376\377\000R\000\351\000s\000u\000l\000t\000a\000t\000s\000\040\000e\000t\000\040\000\311\000v\000a\000l\000u\000a\000t\000i\000o\000n}{}% 25
\BOOKMARK [2][-]{subsection.5.1}{\376\377\000M\000\351\000t\000r\000i\000q\000u\000e\000s\000\040\000d\000e\000\040\000p\000e\000r\000f\000o\000r\000m\000a\000n\000c\000e}{section.5}% 26
\BOOKMARK [3][-]{subsubsection.5.1.1}{\376\377\000Q\000u\000a\000l\000i\000t\000\351\000\040\000d\000e\000\040\000l\000a\000\040\000r\000e\000c\000h\000e\000r\000c\000h\000e}{subsection.5.1}% 27
\BOOKMARK [3][-]{subsubsection.5.1.2}{\376\377\000P\000e\000r\000f\000o\000r\000m\000a\000n\000c\000e\000\040\000s\000y\000s\000t\000\350\000m\000e}{subsection.5.1}% 28
\BOOKMARK [2][-]{subsection.5.2}{\376\377\000E\000x\000e\000m\000p\000l\000e\000s\000\040\000d\000e\000\040\000r\000e\000c\000h\000e\000r\000c\000h\000e\000s}{section.5}% 29
\BOOKMARK [3][-]{subsubsection.5.2.1}{\376\377\000E\000x\000e\000m\000p\000l\000e\000\040\0001\000\040\000:\000\040\000R\000e\000c\000h\000e\000r\000c\000h\000e\000\040\000s\000u\000r\000\040\000l\000e\000\040\000d\000i\000a\000b\000\350\000t\000e}{subsection.5.2}% 30
\BOOKMARK [3][-]{subsubsection.5.2.2}{\376\377\000E\000x\000e\000m\000p\000l\000e\000\040\0002\000\040\000:\000\040\000R\000e\000c\000h\000e\000r\000c\000h\000e\000\040\000s\000u\000r\000\040\000l\000e\000\040\000t\000r\000a\000i\000t\000e\000m\000e\000n\000t}{subsection.5.2}% 31
\BOOKMARK [2][-]{subsection.5.3}{\376\377\000V\000i\000s\000u\000a\000l\000i\000s\000a\000t\000i\000o\000n\000\040\000d\000e\000s\000\040\000e\000m\000b\000e\000d\000d\000i\000n\000g\000s}{section.5}% 32
\BOOKMARK [1][-]{section.6}{\376\377\000D\000i\000f\000f\000i\000c\000u\000l\000t\000\351\000s\000\040\000r\000e\000n\000c\000o\000n\000t\000r\000\351\000e\000s\000\040\000e\000t\000\040\000s\000o\000l\000u\000t\000i\000o\000n\000s}{}% 33
\BOOKMARK [2][-]{subsection.6.1}{\376\377\000P\000r\000o\000b\000l\000\350\000m\000e\000\040\0001\000\040\000:\000\040\000F\000o\000r\000m\000a\000t\000\040\000d\000u\000\040\000d\000a\000t\000a\000s\000e\000t\000\040\000M\000e\000d\000Q\000u\000A\000D}{section.6}% 34
\BOOKMARK [2][-]{subsection.6.2}{\376\377\000P\000r\000o\000b\000l\000\350\000m\000e\000\040\0002\000\040\000:\000\040\000I\000n\000d\000e\000x\000\040\000F\000A\000I\000S\000S\000\040\000m\000a\000n\000q\000u\000a\000n\000t}{section.6}% 35
\BOOKMARK [2][-]{subsection.6.3}{\376\377\000P\000r\000o\000b\000l\000\350\000m\000e\000\040\0003\000\040\000:\000\040\000V\000a\000l\000i\000d\000a\000t\000i\000o\000n\000\040\000P\000y\000d\000a\000n\000t\000i\000c\000\040\000d\000e\000s\000\040\000d\000o\000c\000\137\000i\000d}{section.6}% 36
\BOOKMARK [2][-]{subsection.6.4}{\376\377\000P\000r\000o\000b\000l\000\350\000m\000e\000\040\0004\000\040\000:\000\040\000C\000h\000e\000m\000i\000n\000s\000\040\000r\000e\000l\000a\000t\000i\000f\000s\000\040\000d\000e\000p\000u\000i\000s\000\040\000b\000a\000c\000k\000e\000n\000d}{section.6}% 37
\BOOKMARK [2][-]{subsection.6.5}{\376\377\000P\000r\000o\000b\000l\000\350\000m\000e\000\040\0005\000\040\000:\000\040\000M\000\351\000m\000o\000i\000r\000e\000\040\000i\000n\000s\000u\000f\000f\000i\000s\000a\000n\000t\000e\000\040\000p\000o\000u\000r\000\040\000i\000n\000d\000e\000x\000a\000t\000i\000o\000n}{section.6}% 38
\BOOKMARK [1][-]{section.7}{\376\377\000E\000x\000t\000e\000n\000s\000i\000o\000n\000s\000\040\000p\000o\000s\000s\000i\000b\000l\000e\000s}{}% 39
\BOOKMARK [2][-]{subsection.7.1}{\376\377\000E\000x\000t\000e\000n\000s\000i\000o\000n\000s\000\040\000i\000m\000p\000l\000\351\000m\000e\000n\000t\000\351\000e\000s}{section.7}% 40
\BOOKMARK [3][-]{subsubsection.7.1.1}{\376\377\000D\000i\000s\000c\000l\000a\000i\000m\000e\000r\000\040\000m\000\351\000d\000i\000c\000a\000l}{subsection.7.1}% 41
\BOOKMARK [3][-]{subsubsection.7.1.2}{\376\377\000F\000i\000l\000t\000r\000e\000s\000\040\000p\000a\000r\000\040\000m\000\351\000t\000a\000d\000o\000n\000n\000\351\000e\000s}{subsection.7.1}% 42
\BOOKMARK [3][-]{subsubsection.7.1.3}{\376\377\000M\000\351\000t\000r\000i\000q\000u\000e\000s\000\040\000e\000n\000\040\000t\000e\000m\000p\000s\000\040\000r\000\351\000e\000l}{subsection.7.1}% 43
\BOOKMARK [2][-]{subsection.7.2}{\376\377\000E\000x\000t\000e\000n\000s\000i\000o\000n\000s\000\040\000f\000u\000t\000u\000r\000e\000s\000\040\000e\000n\000v\000i\000s\000a\000g\000e\000a\000b\000l\000e\000s}{section.7}% 44
\BOOKMARK [3][-]{subsubsection.7.2.1}{\376\377\0001\000.\000\040\000R\000A\000G\000\040\000a\000v\000e\000c\000\040\000L\000L\000M}{subsection.7.2}% 45
\BOOKMARK [3][-]{subsubsection.7.2.2}{\376\377\0002\000.\000\040\000R\000e\000c\000h\000e\000r\000c\000h\000e\000\040\000h\000y\000b\000r\000i\000d\000e\000\040\000a\000v\000a\000n\000c\000\351\000e}{subsection.7.2}% 46
\BOOKMARK [3][-]{subsubsection.7.2.3}{\376\377\0003\000.\000\040\000F\000i\000n\000e\000-\000t\000u\000n\000i\000n\000g\000\040\000d\000u\000\040\000m\000o\000d\000\350\000l\000e}{subsection.7.2}% 47
\BOOKMARK [3][-]{subsubsection.7.2.4}{\376\377\0004\000.\000\040\000S\000u\000p\000p\000o\000r\000t\000\040\000m\000u\000l\000t\000i\000l\000i\000n\000g\000u\000e}{subsection.7.2}% 48
\BOOKMARK [3][-]{subsubsection.7.2.5}{\376\377\0005\000.\000\040\000I\000n\000t\000e\000r\000f\000a\000c\000e\000\040\000m\000o\000b\000i\000l\000e}{subsection.7.2}% 49
\BOOKMARK [3][-]{subsubsection.7.2.6}{\376\377\0006\000.\000\040\000S\000y\000s\000t\000\350\000m\000e\000\040\000d\000e\000\040\000f\000e\000e\000d\000b\000a\000c\000k}{subsection.7.2}% 50
\BOOKMARK [3][-]{subsubsection.7.2.7}{\376\377\0007\000.\000\040\000V\000i\000s\000u\000a\000l\000i\000s\000a\000t\000i\000o\000n\000s\000\040\000a\000v\000a\000n\000c\000\351\000e\000s}{subsection.7.2}% 51
\BOOKMARK [1][-]{section.8}{\376\377\000C\000o\000n\000c\000l\000u\000s\000i\000o\000n}{}% 52
\BOOKMARK [2][-]{subsection.8.1}{\376\377\000O\000b\000j\000e\000c\000t\000i\000f\000s\000\040\000a\000t\000t\000e\000i\000n\000t\000s}{section.8}% 53
\BOOKMARK [2][-]{subsection.8.2}{\376\377\000C\000o\000m\000p\000\351\000t\000e\000n\000c\000e\000s\000\040\000a\000c\000q\000u\000i\000s\000e\000s}{section.8}% 54
\BOOKMARK [2][-]{subsection.8.3}{\376\377\000I\000m\000p\000a\000c\000t\000\040\000e\000t\000\040\000a\000p\000p\000l\000i\000c\000a\000t\000i\000o\000n\000s}{section.8}% 55
\BOOKMARK [2][-]{subsection.8.4}{\376\377\000P\000e\000r\000s\000p\000e\000c\000t\000i\000v\000e\000s\000\040\000d\000'\000a\000m\000\351\000l\000i\000o\000r\000a\000t\000i\000o\000n}{section.8}% 56
\BOOKMARK [2][-]{subsection.8.5}{\376\377\000R\000e\000m\000a\000r\000q\000u\000e\000s\000\040\000f\000i\000n\000a\000l\000e\000s}{section.8}% 57
\BOOKMARK [1][-]{section.9}{\376\377\000A\000n\000n\000e\000x\000e\000s}{}% 58
\BOOKMARK [2][-]{subsection.9.1}{\376\377\000A\000n\000n\000e\000x\000e\000\040\000A\000\040\000:\000\040\000I\000n\000s\000t\000a\000l\000l\000a\000t\000i\000o\000n\000\040\000e\000t\000\040\000C\000o\000n\000f\000i\000g\000u\000r\000a\000t\000i\000o\000n}{section.9}% 59
\BOOKMARK [3][-]{subsubsection.9.1.1}{\376\377\000C\000o\000n\000f\000i\000g\000u\000r\000a\000t\000i\000o\000n\000\040\000s\000y\000s\000t\000\350\000m\000e\000\040\000m\000i\000n\000i\000m\000a\000l\000e}{subsection.9.1}% 60
\BOOKMARK [3][-]{subsubsection.9.1.2}{\376\377\000I\000n\000s\000t\000a\000l\000l\000a\000t\000i\000o\000n\000\040\000p\000a\000s\000\040\000\340\000\040\000p\000a\000s}{subsection.9.1}% 61
\BOOKMARK [3][-]{subsubsection.9.1.3}{\376\377\000V\000a\000r\000i\000a\000b\000l\000e\000s\000\040\000d\000'\000e\000n\000v\000i\000r\000o\000n\000n\000e\000m\000e\000n\000t}{subsection.9.1}% 62
\BOOKMARK [2][-]{subsection.9.2}{\376\377\000A\000n\000n\000e\000x\000e\000\040\000B\000\040\000:\000\040\000C\000o\000m\000m\000a\000n\000d\000e\000s\000\040\000u\000t\000i\000l\000e\000s}{section.9}% 63
\BOOKMARK [3][-]{subsubsection.9.2.1}{\376\377\000G\000e\000s\000t\000i\000o\000n\000\040\000d\000u\000\040\000b\000a\000c\000k\000e\000n\000d}{subsection.9.2}% 64
\BOOKMARK [3][-]{subsubsection.9.2.2}{\376\377\000G\000e\000s\000t\000i\000o\000n\000\040\000d\000e\000\040\000l\000'\000i\000n\000d\000e\000x}{subsection.9.2}% 65
\BOOKMARK [3][-]{subsubsection.9.2.3}{\376\377\000T\000e\000s\000t\000s}{subsection.9.2}% 66
\BOOKMARK [3][-]{subsubsection.9.2.4}{\376\377\000S\000t\000r\000e\000a\000m\000l\000i\000t}{subsection.9.2}% 67
\BOOKMARK [2][-]{subsection.9.3}{\376\377\000A\000n\000n\000e\000x\000e\000\040\000C\000\040\000:\000\040\000S\000t\000r\000u\000c\000t\000u\000r\000e\000\040\000d\000e\000s\000\040\000f\000i\000c\000h\000i\000e\000r\000s\000\040\000d\000e\000\040\000d\000o\000n\000n\000\351\000e\000s}{section.9}% 68
\BOOKMARK [3][-]{subsubsection.9.3.1}{\376\377\000d\000a\000t\000a\000/\000r\000a\000w\000/\000m\000e\000d\000q\000u\000a\000d\000.\000c\000s\000v}{subsection.9.3}% 69
\BOOKMARK [3][-]{subsubsection.9.3.2}{\376\377\000d\000a\000t\000a\000/\000p\000r\000o\000c\000e\000s\000s\000e\000d\000/\000d\000o\000c\000s\000.\000c\000s\000v}{subsection.9.3}% 70
\BOOKMARK [3][-]{subsubsection.9.3.3}{\376\377\000m\000o\000d\000e\000l\000s\000/\000e\000m\000b\000e\000d\000d\000i\000n\000g\000s\000.\000n\000p\000y}{subsection.9.3}% 71
\BOOKMARK [3][-]{subsubsection.9.3.4}{\376\377\000m\000o\000d\000e\000l\000s\000/\000i\000n\000d\000e\000x\000.\000f\000a\000i\000s\000s}{subsection.9.3}% 72
\BOOKMARK [2][-]{subsection.9.4}{\376\377\000A\000n\000n\000e\000x\000e\000\040\000D\000\040\000:\000\040\000A\000P\000I\000\040\000R\000e\000f\000e\000r\000e\000n\000c\000e}{section.9}% 73
\BOOKMARK [3][-]{subsubsection.9.4.1}{\376\377\000P\000O\000S\000T\000\040\000/\000q\000u\000e\000r\000y}{subsection.9.4}% 74
\BOOKMARK [3][-]{subsubsection.9.4.2}{\376\377\000G\000E\000T\000\040\000/\000d\000o\000c\000s\000/\000\173\000i\000d\000\175}{subsection.9.4}% 75
\BOOKMARK [3][-]{subsubsection.9.4.3}{\376\377\000G\000E\000T\000\040\000/\000m\000e\000t\000r\000i\000c\000s}{subsection.9.4}% 76
\BOOKMARK [3][-]{subsubsection.9.4.4}{\376\377\000G\000E\000T\000\040\000/\000h\000e\000a\000l\000t\000h}{subsection.9.4}% 77
\BOOKMARK [2][-]{subsection.9.5}{\376\377\000A\000n\000n\000e\000x\000e\000\040\000E\000\040\000:\000\040\000R\000\351\000f\000\351\000r\000e\000n\000c\000e\000s}{section.9}% 78
\BOOKMARK [3][-]{subsubsection.9.5.1}{\376\377\000D\000o\000c\000u\000m\000e\000n\000t\000a\000t\000i\000o\000n\000\040\000o\000f\000f\000i\000c\000i\000e\000l\000l\000e}{subsection.9.5}% 79
\BOOKMARK [3][-]{subsubsection.9.5.2}{\376\377\000P\000a\000p\000e\000r\000s\000\040\000e\000t\000\040\000a\000r\000t\000i\000c\000l\000e\000s}{subsection.9.5}% 80
\BOOKMARK [3][-]{subsubsection.9.5.3}{\376\377\000D\000a\000t\000a\000s\000e\000t\000s}{subsection.9.5}% 81
